{"C:\\Users\\DanielBearl\\Desktop\\prospector\\backend\\auth.js": {"path":"C:\\Users\\DanielBearl\\Desktop\\prospector\\backend\\auth.js","statementMap":{"0":{"start":{"line":1,"column":15},"end":{"line":1,"column":32}},"1":{"start":{"line":2,"column":12},"end":{"line":2,"column":35}},"2":{"start":{"line":5,"column":19},"end":{"line":5,"column":83}},"3":{"start":{"line":6,"column":20},"end":{"line":6,"column":22}},"4":{"start":{"line":9,"column":14},"end":{"line":16,"column":1}},"5":{"start":{"line":10,"column":2},"end":{"line":15,"column":5}},"6":{"start":{"line":11,"column":4},"end":{"line":14,"column":7}},"7":{"start":{"line":12,"column":6},"end":{"line":13,"column":25}},"8":{"start":{"line":12,"column":15},"end":{"line":12,"column":27}},"9":{"start":{"line":13,"column":11},"end":{"line":13,"column":25}},"10":{"start":{"line":18,"column":14},"end":{"line":25,"column":1}},"11":{"start":{"line":19,"column":2},"end":{"line":24,"column":5}},"12":{"start":{"line":20,"column":4},"end":{"line":23,"column":7}},"13":{"start":{"line":21,"column":6},"end":{"line":22,"column":24}},"14":{"start":{"line":21,"column":15},"end":{"line":21,"column":27}},"15":{"start":{"line":22,"column":11},"end":{"line":22,"column":24}},"16":{"start":{"line":29,"column":2},"end":{"line":63,"column":3}},"17":{"start":{"line":31,"column":25},"end":{"line":31,"column":95}},"18":{"start":{"line":32,"column":4},"end":{"line":34,"column":5}},"19":{"start":{"line":33,"column":6},"end":{"line":33,"column":49}},"20":{"start":{"line":37,"column":27},"end":{"line":37,"column":67}},"21":{"start":{"line":40,"column":19},"end":{"line":43,"column":5}},"22":{"start":{"line":46,"column":18},"end":{"line":50,"column":5}},"23":{"start":{"line":52,"column":4},"end":{"line":60,"column":6}},"24":{"start":{"line":62,"column":4},"end":{"line":62,"column":16}},"25":{"start":{"line":68,"column":2},"end":{"line":99,"column":3}},"26":{"start":{"line":70,"column":17},"end":{"line":70,"column":86}},"27":{"start":{"line":71,"column":4},"end":{"line":73,"column":5}},"28":{"start":{"line":72,"column":6},"end":{"line":72,"column":54}},"29":{"start":{"line":76,"column":20},"end":{"line":76,"column":65}},"30":{"start":{"line":77,"column":4},"end":{"line":79,"column":5}},"31":{"start":{"line":78,"column":6},"end":{"line":78,"column":54}},"32":{"start":{"line":82,"column":18},"end":{"line":86,"column":5}},"33":{"start":{"line":88,"column":4},"end":{"line":96,"column":6}},"34":{"start":{"line":98,"column":4},"end":{"line":98,"column":16}},"35":{"start":{"line":104,"column":16},"end":{"line":104,"column":59}},"36":{"start":{"line":106,"column":2},"end":{"line":108,"column":3}},"37":{"start":{"line":107,"column":4},"end":{"line":107,"column":64}},"38":{"start":{"line":110,"column":2},"end":{"line":117,"column":3}},"39":{"start":{"line":111,"column":20},"end":{"line":111,"column":49}},"40":{"start":{"line":112,"column":4},"end":{"line":112,"column":32}},"41":{"start":{"line":113,"column":4},"end":{"line":113,"column":36}},"42":{"start":{"line":114,"column":4},"end":{"line":114,"column":11}},"43":{"start":{"line":116,"column":4},"end":{"line":116,"column":71}},"44":{"start":{"line":122,"column":16},"end":{"line":122,"column":59}},"45":{"start":{"line":124,"column":2},"end":{"line":132,"column":3}},"46":{"start":{"line":125,"column":4},"end":{"line":131,"column":5}},"47":{"start":{"line":126,"column":22},"end":{"line":126,"column":51}},"48":{"start":{"line":127,"column":6},"end":{"line":127,"column":34}},"49":{"start":{"line":128,"column":6},"end":{"line":128,"column":38}},"50":{"start":{"line":133,"column":2},"end":{"line":133,"column":9}},"51":{"start":{"line":136,"column":0},"end":{"line":142,"column":2}}},"fnMap":{"0":{"name":"(anonymous_0)","decl":{"start":{"line":9,"column":14},"end":{"line":9,"column":15}},"loc":{"start":{"line":9,"column":40},"end":{"line":16,"column":1}},"line":9},"1":{"name":"(anonymous_1)","decl":{"start":{"line":10,"column":21},"end":{"line":10,"column":22}},"loc":{"start":{"line":10,"column":42},"end":{"line":15,"column":3}},"line":10},"2":{"name":"(anonymous_2)","decl":{"start":{"line":11,"column":24},"end":{"line":11,"column":25}},"loc":{"start":{"line":11,"column":38},"end":{"line":14,"column":5}},"line":11},"3":{"name":"(anonymous_3)","decl":{"start":{"line":18,"column":14},"end":{"line":18,"column":15}},"loc":{"start":{"line":18,"column":40},"end":{"line":25,"column":1}},"line":18},"4":{"name":"(anonymous_4)","decl":{"start":{"line":19,"column":21},"end":{"line":19,"column":22}},"loc":{"start":{"line":19,"column":42},"end":{"line":24,"column":3}},"line":19},"5":{"name":"(anonymous_5)","decl":{"start":{"line":20,"column":24},"end":{"line":20,"column":25}},"loc":{"start":{"line":20,"column":38},"end":{"line":23,"column":5}},"line":20},"6":{"name":"register","decl":{"start":{"line":28,"column":15},"end":{"line":28,"column":23}},"loc":{"start":{"line":28,"column":62},"end":{"line":64,"column":1}},"line":28},"7":{"name":"login","decl":{"start":{"line":67,"column":15},"end":{"line":67,"column":20}},"loc":{"start":{"line":67,"column":45},"end":{"line":100,"column":1}},"line":67},"8":{"name":"verifyToken","decl":{"start":{"line":103,"column":9},"end":{"line":103,"column":20}},"loc":{"start":{"line":103,"column":37},"end":{"line":118,"column":1}},"line":103},"9":{"name":"verifyTokenOptional","decl":{"start":{"line":121,"column":9},"end":{"line":121,"column":28}},"loc":{"start":{"line":121,"column":45},"end":{"line":134,"column":1}},"line":121}},"branchMap":{"0":{"loc":{"start":{"line":5,"column":19},"end":{"line":5,"column":83}},"type":"binary-expr","locations":[{"start":{"line":5,"column":19},"end":{"line":5,"column":41}},{"start":{"line":5,"column":45},"end":{"line":5,"column":83}}],"line":5},"1":{"loc":{"start":{"line":9,"column":24},"end":{"line":9,"column":35}},"type":"default-arg","locations":[{"start":{"line":9,"column":33},"end":{"line":9,"column":35}}],"line":9},"2":{"loc":{"start":{"line":12,"column":6},"end":{"line":13,"column":25}},"type":"if","locations":[{"start":{"line":12,"column":6},"end":{"line":13,"column":25}},{"start":{"line":13,"column":11},"end":{"line":13,"column":25}}],"line":12},"3":{"loc":{"start":{"line":18,"column":24},"end":{"line":18,"column":35}},"type":"default-arg","locations":[{"start":{"line":18,"column":33},"end":{"line":18,"column":35}}],"line":18},"4":{"loc":{"start":{"line":21,"column":6},"end":{"line":22,"column":24}},"type":"if","locations":[{"start":{"line":21,"column":6},"end":{"line":22,"column":24}},{"start":{"line":22,"column":11},"end":{"line":22,"column":24}}],"line":21},"5":{"loc":{"start":{"line":28,"column":48},"end":{"line":28,"column":60}},"type":"default-arg","locations":[{"start":{"line":28,"column":56},"end":{"line":28,"column":60}}],"line":28},"6":{"loc":{"start":{"line":32,"column":4},"end":{"line":34,"column":5}},"type":"if","locations":[{"start":{"line":32,"column":4},"end":{"line":34,"column":5}},{"start":{},"end":{}}],"line":32},"7":{"loc":{"start":{"line":71,"column":4},"end":{"line":73,"column":5}},"type":"if","locations":[{"start":{"line":71,"column":4},"end":{"line":73,"column":5}},{"start":{},"end":{}}],"line":71},"8":{"loc":{"start":{"line":77,"column":4},"end":{"line":79,"column":5}},"type":"if","locations":[{"start":{"line":77,"column":4},"end":{"line":79,"column":5}},{"start":{},"end":{}}],"line":77},"9":{"loc":{"start":{"line":106,"column":2},"end":{"line":108,"column":3}},"type":"if","locations":[{"start":{"line":106,"column":2},"end":{"line":108,"column":3}},{"start":{},"end":{}}],"line":106},"10":{"loc":{"start":{"line":124,"column":2},"end":{"line":132,"column":3}},"type":"if","locations":[{"start":{"line":124,"column":2},"end":{"line":132,"column":3}},{"start":{},"end":{}}],"line":124}},"s":{"0":2,"1":2,"2":2,"3":2,"4":2,"5":3,"6":3,"7":3,"8":0,"9":3,"10":2,"11":8,"12":8,"13":8,"14":0,"15":8,"16":4,"17":4,"18":4,"19":1,"20":3,"21":3,"22":3,"23":3,"24":1,"25":4,"26":4,"27":4,"28":1,"29":3,"30":3,"31":1,"32":2,"33":2,"34":2,"35":15,"36":15,"37":3,"38":12,"39":12,"40":11,"41":11,"42":11,"43":1,"44":0,"45":0,"46":0,"47":0,"48":0,"49":0,"50":0,"51":2},"f":{"0":3,"1":3,"2":3,"3":8,"4":8,"5":8,"6":4,"7":4,"8":15,"9":0},"b":{"0":[2,2],"1":[0],"2":[0,3],"3":[0],"4":[0,8],"5":[1],"6":[1,3],"7":[1,3],"8":[1,2],"9":[3,12],"10":[0,0]},"_coverageSchema":"1a1c01bbd47fc00a2c39e90264f33305004495a9","hash":"c5b3e9f7d2fe37e975084336041bbe088bd14297"}
}
