TN:
SF:auth.js
FN:9,(anonymous_0)
FN:10,(anonymous_1)
FN:11,(anonymous_2)
FN:18,(anonymous_3)
FN:19,(anonymous_4)
FN:20,(anonymous_5)
FN:28,register
FN:67,login
FN:103,verifyToken
FN:121,verifyTokenOptional
FNF:10
FNH:9
FNDA:3,(anonymous_0)
FNDA:3,(anonymous_1)
FNDA:3,(anonymous_2)
FNDA:8,(anonymous_3)
FNDA:8,(anonymous_4)
FNDA:8,(anonymous_5)
FNDA:4,register
FNDA:4,login
FNDA:15,verifyToken
FNDA:0,verifyTokenOptional
DA:1,2
DA:2,2
DA:5,2
DA:6,2
DA:9,2
DA:10,3
DA:11,3
DA:12,3
DA:13,3
DA:18,2
DA:19,8
DA:20,8
DA:21,8
DA:22,8
DA:29,4
DA:31,4
DA:32,4
DA:33,1
DA:37,3
DA:40,3
DA:46,3
DA:52,3
DA:62,1
DA:68,4
DA:70,4
DA:71,4
DA:72,1
DA:76,3
DA:77,3
DA:78,1
DA:82,2
DA:88,2
DA:98,2
DA:104,15
DA:106,15
DA:107,3
DA:110,12
DA:111,12
DA:112,11
DA:113,11
DA:114,11
DA:116,1
DA:122,0
DA:124,0
DA:125,0
DA:126,0
DA:127,0
DA:128,0
DA:133,0
DA:136,2
LF:50
LH:43
BRDA:5,0,0,2
BRDA:5,0,1,2
BRDA:9,1,0,0
BRDA:12,2,0,0
BRDA:12,2,1,3
BRDA:18,3,0,0
BRDA:21,4,0,0
BRDA:21,4,1,8
BRDA:28,5,0,1
BRDA:32,6,0,1
BRDA:32,6,1,3
BRDA:71,7,0,1
BRDA:71,7,1,3
BRDA:77,8,0,1
BRDA:77,8,1,2
BRDA:106,9,0,3
BRDA:106,9,1,12
BRDA:124,10,0,0
BRDA:124,10,1,0
BRF:19
BRH:13
end_of_record
